=== Iniciando contenedor Next.js Frontend ===
Fecha: Thu May  7 14:18:09 UTC 2026
Cargando entrypoint base (SSH, usuario, sudo)...
Entrypoint base ejecutado
Cargando entrypoint Nginx...
Entrypoint Nginx ejecutado
Cambiando directorio al proyecto Next.js...
Directorio cambiado a: /root/admin/node/proyectos/restaurante_frontend
Instalando dependencias Next.js...
ERROR: Falló npm run build
=== Iniciando contenedor Next.js Frontend ===
Fecha: Thu May  7 14:30:56 UTC 2026
Cargando entrypoint base (SSH, usuario, sudo)...
Entrypoint base ejecutado
Cargando entrypoint Nginx...
Entrypoint Nginx ejecutado
Cambiando directorio al proyecto Next.js...
Directorio cambiado a: /root/admin/node/proyectos/restaurante_frontend
Instalando dependencias Next.js...
ERROR: Falló npm run build
=== Iniciando contenedor Next.js Frontend ===
Fecha: Thu May  7 14:40:59 UTC 2026
Cargando entrypoint base (SSH, usuario, sudo)...
Entrypoint base ejecutado
Cargando entrypoint Nginx...
Entrypoint Nginx ejecutado
Cambiando directorio al proyecto Next.js...
Directorio cambiado a: /root/admin/node/proyectos/restaurante_frontend
Instalando dependencias Next.js...
ERROR: Falló npm run build
=== Iniciando contenedor Next.js Frontend ===
Fecha: Thu May  7 14:45:22 UTC 2026
Cargando entrypoint base (SSH, usuario, sudo)...
Entrypoint base ejecutado
Cargando entrypoint Nginx...
Entrypoint Nginx ejecutado
Cambiando directorio al proyecto Next.js...
Directorio cambiado a: /root/admin/node/proyectos/restaurante_frontend
Instalando dependencias Next.js...
ERROR: Falló npm run build
=== Iniciando contenedor Next.js Frontend ===
Fecha: Thu May  7 15:27:20 UTC 2026
Cargando entrypoint base (SSH, usuario, sudo)...
Entrypoint base ejecutado
Cargando entrypoint Nginx...
Entrypoint Nginx ejecutado
Cambiando directorio al proyecto Next.js...
Directorio cambiado a: /root/admin/node/proyectos/restaurante_frontend
Limpiando node_modules previos e instalando dependencias...
Proyecto Next.js construido
Arrancando Next.js en segundo plano...
Configurando Nginx...
Nginx arrancando en primer plano...
=== Iniciando contenedor Next.js Frontend ===
Fecha: Thu May  7 16:00:38 UTC 2026
Cargando entrypoint base (SSH, usuario, sudo)...
Entrypoint base ejecutado
Cargando entrypoint Nginx...
Entrypoint Nginx ejecutado
Cambiando directorio al proyecto Next.js...
Directorio cambiado a: /root/admin/node/proyectos/restaurante_frontend
Limpiando node_modules previos e instalando dependencias...
Proyecto Next.js construido
Arrancando Next.js en segundo plano...
Configurando Nginx...
Nginx arrancando en primer plano...
=== Iniciando contenedor Next.js Frontend ===
Fecha: Thu May  7 18:15:25 UTC 2026
Cargando entrypoint base (SSH, usuario, sudo)...
Entrypoint base ejecutado
Cargando entrypoint Nginx...
Entrypoint Nginx ejecutado
Cambiando directorio al proyecto Next.js...
Directorio cambiado a: /root/admin/node/proyectos/restaurante_frontend
Limpiando node_modules previos e instalando dependencias...
Proyecto Next.js construido
Arrancando Next.js en segundo plano...
Configurando Nginx...
Nginx arrancando en primer plano...
=== Iniciando contenedor Next.js Frontend ===
Fecha: Thu May  7 18:24:06 UTC 2026
Cargando entrypoint base (SSH, usuario, sudo)...
Entrypoint base ejecutado
Cargando entrypoint Nginx...
Entrypoint Nginx ejecutado
Cambiando directorio al proyecto Next.js...
Directorio cambiado a: /root/admin/node/proyectos/restaurante_frontend
Limpiando node_modules previos e instalando dependencias...
Proyecto Next.js construido
Arrancando Next.js en segundo plano...
Configurando Nginx...
Nginx arrancando en primer plano...
=== Iniciando contenedor Next.js Frontend ===
Fecha: Thu May  7 18:31:53 UTC 2026
Cargando entrypoint base (SSH, usuario, sudo)...
Entrypoint base ejecutado
Cargando entrypoint Nginx...
Entrypoint Nginx ejecutado
Cambiando directorio al proyecto Next.js...
Directorio cambiado a: /root/admin/node/proyectos/restaurante_frontend
Limpiando node_modules previos e instalando dependencias...
Proyecto Next.js construido
Arrancando Next.js en segundo plano...
Configurando Nginx...
Nginx arrancando en primer plano...
=== Iniciando contenedor Next.js Frontend ===
Fecha: Thu May  7 18:36:57 UTC 2026
Cargando entrypoint base (SSH, usuario, sudo)...
Entrypoint base ejecutado
Cargando entrypoint Nginx...
Entrypoint Nginx ejecutado
Cambiando directorio al proyecto Next.js...
Directorio cambiado a: /root/admin/node/proyectos/restaurante_frontend
Limpiando node_modules previos e instalando dependencias...
Proyecto Next.js construido
Arrancando Next.js en segundo plano...
Configurando Nginx...
Nginx arrancando en primer plano...
=== Iniciando contenedor Next.js Frontend ===
Fecha: Thu May  7 19:57:30 UTC 2026
Cargando entrypoint base (SSH, usuario, sudo)...
Entrypoint base ejecutado
Cargando entrypoint Nginx...
Entrypoint Nginx ejecutado
Cambiando directorio al proyecto Next.js...
Directorio cambiado a: /root/admin/node/proyectos/restaurante_frontend
Limpiando node_modules previos e instalando dependencias...
ERROR: Falló npm run build
=== Iniciando contenedor Next.js Frontend ===
Fecha: Thu May  7 20:06:18 UTC 2026
Cargando entrypoint base (SSH, usuario, sudo)...
Entrypoint base ejecutado
Cargando entrypoint Nginx...
Entrypoint Nginx ejecutado
Cambiando directorio al proyecto Next.js...
Directorio cambiado a: /root/admin/node/proyectos/restaurante_frontend
Limpiando node_modules previos e instalando dependencias...
Proyecto Next.js construido
Arrancando Next.js en segundo plano...
Configurando Nginx...
Nginx arrancando en primer plano...
=== Iniciando contenedor Next.js Frontend ===
Fecha: Fri May  8 06:03:26 UTC 2026
Cargando entrypoint base (SSH, usuario, sudo)...
Entrypoint base ejecutado
Cargando entrypoint Nginx...
Entrypoint Nginx ejecutado
Cambiando directorio al proyecto Next.js...
Directorio cambiado a: /root/admin/node/proyectos/restaurante_frontend
Limpiando node_modules previos e instalando dependencias...
Proyecto Next.js construido
Arrancando Next.js en segundo plano...
Configurando Nginx...
Nginx arrancando en primer plano...
