Cargando entrypoint Nginx...
ADVERTENCIA: start.sh de Nginx no encontrado
Ejecutando entrypoint seguridad...
Entrypoint seguridad ejecutado
Cambiando directorio al proyecto NestJS...
Directorio cambiado a: /root/admin/node/proyectos/restaurante_backend
Instalando dependencias NestJS...
Dependencias instaladas
Compilando proyecto NestJS...
Arrancando NestJS en modo producción...
Cargando entrypoint Nginx...
ADVERTENCIA: start.sh de Nginx no encontrado
Ejecutando entrypoint seguridad...
Entrypoint seguridad ejecutado
Cambiando directorio al proyecto NestJS...
Directorio cambiado a: /root/admin/node/proyectos/restaurante_backend
Instalando dependencias NestJS...
Dependencias instaladas
Compilando proyecto NestJS...
Arrancando NestJS en modo producción...
Cargando entrypoint Nginx...
ADVERTENCIA: start.sh de Nginx no encontrado
Ejecutando entrypoint seguridad...
Entrypoint seguridad ejecutado
Cambiando directorio al proyecto NestJS...
Directorio cambiado a: /root/admin/node/proyectos/restaurante_backend
Instalando dependencias NestJS...
Dependencias instaladas
Compilando proyecto NestJS...
Arrancando NestJS en modo producción...
Cargando entrypoint Nginx...
ADVERTENCIA: start.sh de Nginx no encontrado
Ejecutando entrypoint seguridad...
Entrypoint seguridad ejecutado
Cambiando directorio al proyecto NestJS...
Directorio cambiado a: /root/admin/node/proyectos/restaurante_backend
Instalando dependencias NestJS...
Dependencias instaladas
Compilando proyecto NestJS...
Proyecto compilado exitosamente
Arrancando NestJS en modo producción...
Cargando entrypoint Nginx...
ADVERTENCIA: start.sh de Nginx no encontrado
Ejecutando entrypoint seguridad...
Entrypoint seguridad ejecutado
Cambiando directorio al proyecto NestJS...
Directorio cambiado a: /root/admin/node/proyectos/restaurante_backend
Instalando dependencias NestJS...
Dependencias instaladas
Compilando proyecto NestJS...
Proyecto compilado exitosamente
Arrancando NestJS en modo producción...
Cargando entrypoint Nginx...
ADVERTENCIA: start.sh de Nginx no encontrado
Ejecutando entrypoint seguridad...
Entrypoint seguridad ejecutado
Cambiando directorio al proyecto NestJS...
Directorio cambiado a: /root/admin/node/proyectos/restaurante_backend
Instalando dependencias NestJS...
Dependencias instaladas
Compilando proyecto NestJS...
Proyecto compilado exitosamente
Arrancando NestJS en modo producción...
Cargando entrypoint Nginx...
ADVERTENCIA: start.sh de Nginx no encontrado
Ejecutando entrypoint seguridad...
Entrypoint seguridad ejecutado
Cambiando directorio al proyecto NestJS...
Directorio cambiado a: /root/admin/node/proyectos/restaurante_backend
Instalando dependencias NestJS...
Dependencias instaladas
Compilando proyecto NestJS...
Proyecto compilado exitosamente
Arrancando NestJS en modo producción...
Cargando entrypoint Nginx...
ADVERTENCIA: start.sh de Nginx no encontrado
Ejecutando entrypoint seguridad...
Entrypoint seguridad ejecutado
Cambiando directorio al proyecto NestJS...
Directorio cambiado a: /root/admin/node/proyectos/restaurante_backend
Instalando dependencias NestJS...
Dependencias instaladas
Compilando proyecto NestJS...
Proyecto compilado exitosamente
Arrancando NestJS en modo producción...
Cargando entrypoint Nginx...
ADVERTENCIA: start.sh de Nginx no encontrado
Ejecutando entrypoint seguridad...
Entrypoint seguridad ejecutado
Cambiando directorio al proyecto NestJS...
Directorio cambiado a: /root/admin/node/proyectos/restaurante_backend
Instalando dependencias NestJS...
Dependencias instaladas
Compilando proyecto NestJS...
Proyecto compilado exitosamente
Arrancando NestJS en modo producción...
Cargando entrypoint Nginx...
ADVERTENCIA: start.sh de Nginx no encontrado
Ejecutando entrypoint seguridad...
Entrypoint seguridad ejecutado
Cambiando directorio al proyecto NestJS...
Directorio cambiado a: /root/admin/node/proyectos/restaurante_backend
Instalando dependencias NestJS...
Dependencias instaladas
Compilando proyecto NestJS...
Cargando entrypoint Nginx...
ADVERTENCIA: start.sh de Nginx no encontrado
Ejecutando entrypoint seguridad...
Entrypoint seguridad ejecutado
Cambiando directorio al proyecto NestJS...
Directorio cambiado a: /root/admin/node/proyectos/restaurante_backend
Instalando dependencias NestJS...
Dependencias instaladas
Compilando proyecto NestJS...
Proyecto compilado exitosamente
Ejecutando seed.ts...
Seeding completado
Arrancando NestJS en modo producción...
